<?xml version="1.0" encoding="UTF-8"?>
<testng-results skipped="0" failed="0" total="1" passed="1">
  <reporter-output>
  </reporter-output>
  <suite name="Surefire suite" duration-ms="10080" started-at="2021-01-02T00:47:36Z" finished-at="2021-01-02T00:47:46Z">
    <groups>
    </groups>
    <test name="Surefire test" duration-ms="10080" started-at="2021-01-02T00:47:36Z" finished-at="2021-01-02T00:47:46Z">
      <class name="org.com.mavennext.MavenTest">
        <test-method status="PASS" signature="SearchTest()[pri:0, instance:org.com.mavennext.MavenTest@73f792cf]" name="SearchTest" duration-ms="10069" started-at="2021-01-01T17:47:36Z" finished-at="2021-01-01T17:47:46Z">
          <reporter-output>
          </reporter-output>
        </test-method> <!-- SearchTest -->
      </class> <!-- org.com.mavennext.MavenTest -->
    </test> <!-- Surefire test -->
  </suite> <!-- Surefire suite -->
</testng-results>
